<?xml version="1.0" encoding="UTF-8"?>
<!-- Generated by org.testng.reporters.JUnitReportReporter -->
<testsuite skipped="0" hostname="LP-T398" name="com.steepgraph.ta.framework.App" tests="1" failures="0" timestamp="2024-02-21T11:59:25 IST" time="37.343" errors="0">
  <testcase name="main" time="37.343" classname="com.steepgraph.ta.framework.App"/>
  <system-out>
    <![CDATA[
Suite: TestPlan, Test Case: SELENIUM-1998, Status: Pass]]>
  </system-out>
</testsuite> <!-- com.steepgraph.ta.framework.App -->
